SLF4J: Failed to load class "org.slf4j.impl.StaticLoggerBinder".
SLF4J: Defaulting to no-operation (NOP) logger implementation
SLF4J: See http://www.slf4j.org/codes.html#StaticLoggerBinder for further details.
[grpc] SimulationEngine listening on port 7070
[grpc] Press Ctrl+C to stop.
[DEBUG] finalize-release called for wf-id: 0
[DEBUG] et: {:escrow-state :pending, :recipient-status :none, :sender-status :none, :auto-cancel-time 0, :amount-after-fee 995, :auto-release-time 0, :token USDC, :initial-fee 5, :from 0x111, :dispute-resolver nil, :to 0x222}
[DEBUG] withdraw_escrow wf-id: 0 class: java.lang.Long
[DEBUG] withdraw_escrow wf-id: 0 class: java.lang.Long
[DEBUG] finalize-release called for wf-id: 0
[DEBUG] et: {:escrow-state :pending, :recipient-status :none, :sender-status :none, :auto-cancel-time 0, :amount-after-fee 995, :auto-release-time 0, :token USDC, :initial-fee 5, :from 0x111, :dispute-resolver nil, :to 0x222}
[DEBUG] withdraw_escrow wf-id: 0 class: java.lang.Long
[DEBUG] withdraw_escrow wf-id: 0 class: java.lang.Long
[DEBUG] finalize-release called for wf-id: 0
[DEBUG] et: {:escrow-state :pending, :recipient-status :none, :sender-status :none, :auto-cancel-time 0, :amount-after-fee 995, :auto-release-time 0, :token USDC, :initial-fee 5, :from 0x111, :dispute-resolver nil, :to 0x222}
[DEBUG] withdraw_escrow wf-id: 0 class: java.lang.Long
[DEBUG] finalize-release called for wf-id: 0
[DEBUG] et: {:escrow-state :pending, :recipient-status :none, :sender-status :none, :auto-cancel-time 0, :amount-after-fee 995, :auto-release-time 0, :token USDC, :initial-fee 5, :from 0x111, :dispute-resolver nil, :to 0x222}
[DEBUG] withdraw_escrow wf-id: 0 class: java.lang.Long
[DEBUG] withdraw_escrow wf-id: 0 class: java.lang.Long
[DEBUG] finalize-release called for wf-id: 0
[DEBUG] et: {:escrow-state :pending, :recipient-status :none, :sender-status :none, :auto-cancel-time 0, :amount-after-fee 995, :auto-release-time 0, :token USDC, :initial-fee 5, :from 0x111, :dispute-resolver nil, :to 0x222}
[DEBUG] withdraw_escrow wf-id: 0 class: java.lang.Long
[DEBUG] withdraw_escrow wf-id: 0 class: java.lang.Long
[DEBUG] finalize-release called for wf-id: 0
[DEBUG] et: {:escrow-state :pending, :recipient-status :none, :sender-status :none, :auto-cancel-time 0, :amount-after-fee 995, :auto-release-time 0, :token USDC, :initial-fee 5, :from 0x111, :dispute-resolver nil, :to 0x222}
[DEBUG] withdraw_escrow wf-id: 0 class: java.lang.Long
[DEBUG] withdraw_escrow wf-id: 0 class: java.lang.Long
[DEBUG] finalize-release called for wf-id: 0
[DEBUG] et: {:escrow-state :pending, :recipient-status :none, :sender-status :none, :auto-cancel-time 0, :amount-after-fee 995, :auto-release-time 0, :token USDC, :initial-fee 5, :from 0x111, :dispute-resolver nil, :to 0x222}
[DEBUG] withdraw_escrow wf-id: 0 class: java.lang.Long
[DEBUG] withdraw_escrow wf-id: 0 class: java.lang.Long
[DEBUG] finalize-release called for wf-id: 0
[DEBUG] et: {:escrow-state :pending, :recipient-status :none, :sender-status :none, :auto-cancel-time 0, :amount-after-fee 995, :auto-release-time 0, :token USDC, :initial-fee 5, :from 0x111, :dispute-resolver nil, :to 0x222}
[DEBUG] withdraw_escrow wf-id: 0 class: java.lang.Long
[DEBUG] withdraw_escrow wf-id: 0 class: java.lang.Long
